<?xml version="1.0" encoding="UTF-8"?>
<!-- Generated by org.testng.reporters.JUnitReportReporter -->
<testsuite hostname="IND-MHPDW100152" name="testscripts.PL_CreateApp_DentalScripts" tests="1" failures="0" timestamp="5 Oct 2018 13:14:17 GMT" time="1276.054" errors="0">
  <testcase name="CreateApplication_Dental" time="1276.054" classname="testscripts.PL_CreateApp_DentalScripts"/>
</testsuite> <!-- testscripts.PL_CreateApp_DentalScripts -->
