<?xml version="1.0" encoding="UTF-8"?>
<!-- Generated by org.testng.reporters.JUnitReportReporter -->
<testsuite hostname="IND-MHPDW100323" name="testscripts.CS.CeasingScripts" tests="1" failures="0" timestamp="14 Sep 2017 13:11:30 GMT" time="108.084" errors="0">
  <testcase name="CS_Ceasing_Cease_Patientsearch" time="108.084" classname="testscripts.CS.CeasingScripts"/>
</testsuite> <!-- testscripts.CS.CeasingScripts -->
