<?xml version="1.0" encoding="UTF-8"?>
<!-- Generated by org.testng.reporters.JUnitReportReporter -->
<testsuite hostname="IND-MHPDW100323" name="testscripts.Testcase8439" tests="1" failures="0" timestamp="21 Aug 2017 09:13:29 GMT" time="63.149" errors="0">
  <testcase name="automationScriptThree" time="63.149" classname="testscripts.Testcase8439"/>
</testsuite> <!-- testscripts.Testcase8439 -->
