<?xml version="1.0" encoding="UTF-8"?>
<!-- Generated by org.testng.reporters.JUnitReportReporter -->
<testsuite hostname="IND-MHPDW100323" name="testscripts.VerifyLabDetailsScripts" tests="1" failures="0" timestamp="14 Aug 2017 12:04:56 GMT" time="247.835" errors="0">
  <testcase name="automationScriptThree" time="247.835" classname="testscripts.VerifyLabDetailsScripts"/>
</testsuite> <!-- testscripts.VerifyLabDetailsScripts -->
