<?xml version="1.0" encoding="UTF-8"?>
<!-- Generated by org.testng.reporters.JUnitReportReporter -->
<testsuite hostname="IND-MHPDW100323" name="testscripts.PNLScripts" tests="1" failures="0" timestamp="17 Aug 2017 06:09:48 GMT" time="132.602" errors="0">
  <testcase name="downloadCSVWeek4" time="132.602" classname="testscripts.PNLScripts"/>
</testsuite> <!-- testscripts.PNLScripts -->
