<?xml version="1.0" encoding="UTF-8"?>
<!-- Generated by org.testng.reporters.JUnitReportReporter -->
<testsuite hostname="IND-MHPDW100323" name="testscripts.PL_CreateApplicationScripts" tests="3" failures="0" timestamp="10 Oct 2017 07:17:12 GMT" time="719.427" errors="0">
  <testcase name="CreateApplication_MedicalList" time="576.262" classname="testscripts.PL_CreateApplicationScripts"/>
  <testcase name="VerifyErrorMessagefor_MedicalList" time="83.726" classname="testscripts.PL_CreateApplicationScripts"/>
  <testcase name="WithdrawApplication_MedicalList" time="59.439" classname="testscripts.PL_CreateApplicationScripts"/>
</testsuite> <!-- testscripts.PL_CreateApplicationScripts -->
