<?xml version="1.0" encoding="UTF-8"?>
<!-- Generated by org.testng.reporters.JUnitReportReporter -->
<testsuite hostname="IND-MHPDW100323" name="testscripts.PL_CreateApp_Dental" tests="2" failures="0" timestamp="10 Oct 2017 13:56:26 GMT" time="638.727" errors="0">
  <testcase name="WithdrawApplication_Dental" time="61.683" classname="testscripts.PL_CreateApp_Dental"/>
  <testcase name="CreateApplication_Dental" time="577.044" classname="testscripts.PL_CreateApp_Dental"/>
</testsuite> <!-- testscripts.PL_CreateApp_Dental -->
