<?xml version="1.0" encoding="UTF-8"?>
<!-- Generated by org.testng.reporters.JUnitReportReporter -->
<testsuite hostname="IND-MHPDW100323" name="testscripts.CS.ResultsScripts" tests="1" failures="0" timestamp="14 Sep 2017 12:40:59 GMT" time="285.795" errors="0">
  <testcase name="VerifyTestLabFields" time="285.795" classname="testscripts.CS.ResultsScripts"/>
</testsuite> <!-- testscripts.CS.ResultsScripts -->
