<?xml version="1.0" encoding="UTF-8"?>
<!-- Generated by org.testng.reporters.JUnitReportReporter -->
<testsuite hostname="IND-MHPDW100323" name="testscripts.DeferScripts" tests="1" failures="0" timestamp="5 Sep 2017 05:16:36 GMT" time="89.261" errors="0">
  <testcase name="verifyDeferPopupUpFromNRLPatient" time="89.261" classname="testscripts.DeferScripts"/>
</testsuite> <!-- testscripts.DeferScripts -->
