<?xml version="1.0" encoding="UTF-8"?>
<!-- Generated by org.testng.reporters.JUnitReportReporter -->
<testsuite hostname="IND-MHPDW100323" name="testscripts.CS.CallRecallScripts" tests="1" failures="0" timestamp="13 Sep 2017 06:56:00 GMT" time="96.853" errors="0">
  <testcase name="downloadCSVWeek4" time="96.853" classname="testscripts.CS.CallRecallScripts"/>
</testsuite> <!-- testscripts.CS.CallRecallScripts -->
