<?xml version="1.0" encoding="UTF-8"?>
<!-- Generated by org.testng.reporters.JUnitReportReporter -->
<testsuite hostname="IND-MHPDW100323" name="testscripts.Cohorts" tests="1" failures="0" timestamp="22 Aug 2017 05:58:22 GMT" time="67.927" errors="0">
  <testcase name="automationScriptThree" time="67.927" classname="testscripts.Cohorts"/>
</testsuite> <!-- testscripts.Cohorts -->
