<?xml version="1.0" encoding="UTF-8"?>
<!-- Generated by org.testng.reporters.JUnitReportReporter -->
<testsuite hostname="IND-MHPDW100323" name="testscripts.CohortsScripts" tests="1" failures="0" timestamp="1 Sep 2017 12:12:14 GMT" time="33.541" errors="1">
  <testcase name="verifyCreateCohortRule" time="33.541" classname="testscripts.CohortsScripts">
    <error type="java.lang.Throwable" message="Steps Failed (1)
java.lang.NullPointerException">
      <![CDATA[java.lang.Throwable: Steps Failed (1)
java.lang.NullPointerException
	at reporting.ListenerClass.onTestFailure(ListenerClass.java:183)
	at org.testng.internal.Invoker.runTestListeners(Invoker.java:1686)
	at org.testng.internal.Invoker.runTestListeners(Invoker.java:1670)
	at org.testng.internal.Invoker.invokeMethod(Invoker.java:696)
	at org.testng.internal.Invoker.invokeTestMethod(Invoker.java:816)
	at org.testng.internal.Invoker.invokeTestMethods(Invoker.java:1124)
	at org.testng.internal.TestMethodWorker.invokeTestMethods(TestMethodWorker.java:125)
	at org.testng.internal.TestMethodWorker.run(TestMethodWorker.java:108)
	at org.testng.TestRunner.privateRun(TestRunner.java:774)
	at org.testng.TestRunner.run(TestRunner.java:624)
	at org.testng.SuiteRunner.runTest(SuiteRunner.java:359)
	at org.testng.SuiteRunner.runSequentially(SuiteRunner.java:354)
	at org.testng.SuiteRunner.privateRun(SuiteRunner.java:312)
	at org.testng.SuiteRunner.run(SuiteRunner.java:261)
	at org.testng.SuiteRunnerWorker.runSuite(SuiteRunnerWorker.java:52)
	at org.testng.SuiteRunnerWorker.run(SuiteRunnerWorker.java:86)
	at org.testng.TestNG.runSuitesSequentially(TestNG.java:1215)
	at org.testng.TestNG.runSuitesLocally(TestNG.java:1140)
	at org.testng.TestNG.run(TestNG.java:1048)
	at org.testng.remote.AbstractRemoteTestNG.run(AbstractRemoteTestNG.java:132)
	at org.testng.remote.RemoteTestNG.initAndRun(RemoteTestNG.java:230)
	at org.testng.remote.RemoteTestNG.main(RemoteTestNG.java:76)
]]>
    </error>
  </testcase> <!-- verifyCreateCohortRule -->
</testsuite> <!-- testscripts.CohortsScripts -->
