<?xml version="1.0" encoding="UTF-8"?>
<!-- Generated by org.testng.reporters.JUnitReportReporter -->
<testsuite hostname="IND-MHPDW100323" name="testscripts.CS.DeferScripts" tests="1" failures="0" timestamp="14 Sep 2017 10:14:56 GMT" time="112.875" errors="0">
  <testcase name="verifyUploadDeferFormTIFFFile" time="112.875" classname="testscripts.CS.DeferScripts"/>
</testsuite> <!-- testscripts.CS.DeferScripts -->
