<?xml version="1.0" encoding="UTF-8"?>
<!-- Generated by org.testng.reporters.JUnitReportReporter -->
<testsuite hostname="IND-MHPDW100323" name="testscripts.CallRecallScripts" tests="1" failures="0" timestamp="14 Sep 2017 13:40:54 GMT" time="19.943" errors="0">
  <testcase name="downloadCSVWeek4" time="19.943" classname="testscripts.CallRecallScripts"/>
</testsuite> <!-- testscripts.CallRecallScripts -->
