<?xml version="1.0" encoding="UTF-8"?>
<!-- Generated by org.testng.reporters.JUnitReportReporter -->
<testsuite hostname="IND-MHPDW100152" name="testscripts.CS_CeasingScripts" tests="1" failures="0" timestamp="8 Dec 2017 09:07:13 GMT" time="103.429" errors="0">
  <testcase name="verifyCeasingPopupUpFromNRLPatient" time="103.429" classname="testscripts.CS_CeasingScripts"/>
</testsuite> <!-- testscripts.CS_CeasingScripts -->
