<?xml version="1.0" encoding="UTF-8"?>
<!-- Generated by org.testng.reporters.JUnitReportReporter -->
<testsuite hostname="IND-MHPDW100323" name="testscripts.PMS_GOS1_E2EScripts" tests="1" failures="0" timestamp="8 Mar 2019 11:44:32 GMT" time="271.017" errors="0">
  <testcase name="OPT_GOS1_XML_EC_5_1" time="271.017" classname="testscripts.PMS_GOS1_E2EScripts"/>
</testsuite> <!-- testscripts.PMS_GOS1_E2EScripts -->
