<?xml version="1.0" encoding="UTF-8"?>
<!-- Generated by org.testng.reporters.JUnitReportReporter -->
<testsuite hostname="IND-MHPDW100323" name="testscripts.PMS_GOS5_E2EScripts" tests="5" failures="0" timestamp="2 Jan 2019 06:55:04 GMT" time="103.133" errors="0">
  <testcase name="OPT_GOS5_XML_VR_034" time="21.753" classname="testscripts.PMS_GOS5_E2EScripts"/>
  <testcase name="OPT_GOS5_XML_VR_034" time="20.704" classname="testscripts.PMS_GOS5_E2EScripts"/>
  <testcase name="OPT_GOS5_XML_VR_034" time="19.666" classname="testscripts.PMS_GOS5_E2EScripts"/>
  <testcase name="OPT_GOS5_XML_VR_034" time="18.955" classname="testscripts.PMS_GOS5_E2EScripts"/>
  <testcase name="OPT_GOS5_XML_VR_034" time="22.055" classname="testscripts.PMS_GOS5_E2EScripts"/>
</testsuite> <!-- testscripts.PMS_GOS5_E2EScripts -->
